
> web@0.1.0 build
> next build

  ▲ Next.js 14.2.30
  - Experiments (use with caution):
    · typedRoutes

   Creating an optimized production build ...
 ✓ Compiled successfully
   Linting and checking validity of types ...
 ⨯ ESLint: Failed to load config "@typescript-eslint/recommended" to extend from. Referenced from: /Users/max/Documents/Coding/Jessie/.eslintrc.json
   Collecting page data ...
   Generating static pages (0/5) ...
   Generating static pages (1/5) 
   Generating static pages (2/5) 
   Generating static pages (3/5) 
 ✓ Generating static pages (5/5)
   Finalizing page optimization ...
   Collecting build traces ...

Route (app)                              Size     First Load JS
┌ ○ /                                    5.32 kB        92.4 kB
└ ○ /_not-found                          876 B            88 kB
+ First Load JS shared by all            87.1 kB
  ├ chunks/1dd3208c-82be33c4361f6614.js  53.7 kB
  ├ chunks/528-2ead4cf71800b8ab.js       31.6 kB
  └ other shared chunks (total)          1.85 kB


○  (Static)  prerendered as static content

